TN:
SF:src/components/Form/Button/index.tsx
FN:10,Button
FNF:1
FNH:1
FNDA:4,Button
DA:15,4
LF:1
LH:1
BRF:0
BRH:0
end_of_record
TN:
SF:src/components/Form/CategorySelectButton/index.tsx
FN:10,CategorySelectButton
FNF:1
FNH:1
FNDA:2,CategorySelectButton
DA:15,2
LF:1
LH:1
BRF:0
BRH:0
end_of_record
TN:
SF:src/components/Form/Input/index.tsx
FN:11,Input
FNF:1
FNH:1
FNDA:5,Input
DA:12,5
LF:1
LH:1
BRDA:11,0,0,4
BRF:1
BRH:1
end_of_record
TN:
SF:src/components/Form/InputForm/index.tsx
FN:15,InputForm
FN:26,(anonymous_1)
FNF:2
FNH:2
FNDA:4,InputForm
FNDA:4,(anonymous_1)
DA:21,4
DA:27,4
LF:2
LH:2
BRDA:30,0,0,4
BRDA:30,0,1,0
BRF:2
BRH:1
end_of_record
TN:
SF:src/components/Form/TransactionTypeButton/index.tsx
FN:16,TransactionTypeButton
FNF:1
FNH:1
FNDA:4,TransactionTypeButton
DA:5,1
DA:22,4
LF:2
LH:2
BRF:0
BRH:0
end_of_record
TN:
SF:src/components/HightlightCard/index.tsx
FN:26,HighlightCard
FNF:1
FNH:0
FNDA:0,HighlightCard
DA:20,0
DA:32,0
LF:2
LH:0
BRF:0
BRH:0
end_of_record
TN:
SF:src/components/HistoryCard/index.tsx
FN:14,HistoryCard
FNF:1
FNH:0
FNDA:0,HistoryCard
DA:15,0
LF:1
LH:0
BRF:0
BRH:0
end_of_record
TN:
SF:src/components/SignInSocialButton/index.tsx
FN:13,SignInSocialButton
FNF:1
FNH:0
FNDA:0,SignInSocialButton
DA:14,0
LF:1
LH:0
BRF:0
BRH:0
end_of_record
TN:
SF:src/components/TransactionCard/index.tsx
FN:16,TransactionCard
FN:18,(anonymous_1)
FNF:2
FNH:0
FNDA:0,TransactionCard
FNDA:0,(anonymous_1)
DA:17,0
DA:18,0
DA:21,0
LF:3
LH:0
BRDA:26,0,0,0
BRDA:26,0,1,0
BRF:2
BRH:0
end_of_record
TN:
SF:src/hooks/auth.tsx
FN:37,AuthProvider
FN:43,(anonymous_1)
FN:44,loadUserStorageData
FN:57,signInWithGoogle
FN:85,signInWithApple
FN:112,signOut
FN:124,useAuth
FNF:7
FNH:5
FNDA:7,AuthProvider
FNDA:3,(anonymous_1)
FNDA:3,loadUserStorageData
FNDA:3,signInWithGoogle
FNDA:0,signInWithApple
FNDA:0,signOut
FNDA:9,useAuth
DA:32,2
DA:33,2
DA:35,2
DA:38,7
DA:39,7
DA:41,7
DA:43,7
DA:45,3
DA:47,3
DA:48,0
DA:49,0
DA:51,3
DA:54,3
DA:58,3
DA:59,3
DA:60,3
DA:62,3
DA:64,3
DA:66,2
DA:67,1
DA:68,1
DA:70,1
DA:77,1
DA:78,1
DA:81,1
DA:86,0
DA:87,0
DA:94,0
DA:95,0
DA:97,0
DA:104,0
DA:105,0
DA:108,0
DA:113,0
DA:114,0
DA:117,7
DA:125,9
DA:127,9
LF:38
LH:26
BRDA:47,0,0,0
BRDA:47,0,1,3
BRDA:66,1,0,1
BRDA:66,1,1,1
BRDA:94,2,0,0
BRDA:94,2,1,0
BRF:6
BRH:3
end_of_record
TN:
SF:src/routes/app.routes.tsx
FN:14,AppRoutes
FN:31,(anonymous_1)
FN:44,(anonymous_2)
FN:53,(anonymous_3)
FNF:4
FNH:0
FNDA:0,AppRoutes
FNDA:0,(anonymous_1)
FNDA:0,(anonymous_2)
FNDA:0,(anonymous_3)
DA:12,0
DA:15,0
DA:32,0
DA:45,0
DA:54,0
LF:5
LH:0
BRDA:22,0,0,0
BRDA:22,0,1,0
BRF:2
BRH:0
end_of_record
TN:
SF:src/routes/auth.routes.tsx
FN:8,AuthRoutes
FNF:1
FNH:0
FNDA:0,AuthRoutes
DA:6,0
DA:9,0
LF:2
LH:0
BRF:0
BRH:0
end_of_record
TN:
SF:src/routes/index.tsx
FN:9,Routes
FNF:1
FNH:0
FNDA:0,Routes
DA:10,0
DA:12,0
LF:2
LH:0
BRDA:14,0,0,0
BRDA:14,0,1,0
BRF:2
BRH:0
end_of_record
TN:
SF:src/screens/CategorySelect/index.tsx
FN:30,CategorySelect
FN:35,handleCategorySelect
FN:48,(anonymous_2)
FN:49,(anonymous_3)
FN:51,(anonymous_4)
FN:58,(anonymous_5)
FNF:6
FNH:4
FNDA:2,CategorySelect
FNDA:0,handleCategorySelect
FNDA:12,(anonymous_2)
FNDA:12,(anonymous_3)
FNDA:0,(anonymous_4)
FNDA:10,(anonymous_5)
DA:36,0
DA:39,2
DA:48,12
DA:50,12
DA:51,0
DA:58,10
LF:6
LH:4
BRF:0
BRH:0
end_of_record
TN:
SF:src/screens/Dashboard/index.tsx
FN:32,Dashboard
FN:42,getLastTransactionsDate
FN:46,(anonymous_2)
FN:55,(anonymous_3)
FN:65,loadTransaction
FN:74,(anonymous_5)
FN:144,(anonymous_6)
FN:149,(anonymous_7)
FN:206,(anonymous_8)
FN:207,(anonymous_9)
FNF:10
FNH:0
FNDA:0,Dashboard
FNDA:0,getLastTransactionsDate
FNDA:0,(anonymous_2)
FNDA:0,(anonymous_3)
FNDA:0,loadTransaction
FNDA:0,(anonymous_5)
FNDA:0,(anonymous_6)
FNDA:0,(anonymous_7)
FNDA:0,(anonymous_8)
FNDA:0,(anonymous_9)
DA:33,0
DA:34,0
DA:37,0
DA:39,0
DA:40,0
DA:46,0
DA:48,0
DA:49,0
DA:52,0
DA:55,0
DA:59,0
DA:66,0
DA:67,0
DA:68,0
DA:70,0
DA:71,0
DA:73,0
DA:75,0
DA:76,0
DA:78,0
DA:81,0
DA:86,0
DA:92,0
DA:103,0
DA:105,0
DA:109,0
DA:113,0
DA:115,0
DA:117,0
DA:141,0
DA:144,0
DA:145,0
DA:148,0
DA:150,0
DA:154,0
DA:206,0
DA:207,0
LF:37
LH:0
BRDA:48,0,0,0
BRDA:48,0,1,0
BRDA:68,1,0,0
BRDA:68,1,1,0
BRDA:75,2,0,0
BRDA:75,2,1,0
BRDA:113,3,0,0
BRDA:113,3,1,0
BRDA:123,4,0,0
BRDA:123,4,1,0
BRDA:130,5,0,0
BRDA:130,5,1,0
BRDA:156,6,0,0
BRDA:156,6,1,0
BRF:14
BRH:0
end_of_record
TN:
SF:src/screens/Profile/index.tsx
FN:4,Profile
FN:22,(anonymous_1)
FNF:2
FNH:1
FNDA:3,Profile
FNDA:0,(anonymous_1)
DA:5,3
LF:1
LH:1
BRF:0
BRH:0
end_of_record
TN:
SF:src/screens/Register/index.tsx
FN:39,Register
FN:60,handleTransactionTypeSelect
FN:64,handleOpenModalSelectCategory
FN:65,(anonymous_3)
FN:70,handleCloseModalSelectCategory
FN:74,handleRegister
FN:146,(anonymous_6)
FN:152,(anonymous_7)
FNF:8
FNH:3
FNDA:2,Register
FNDA:0,handleTransactionTypeSelect
FNDA:1,handleOpenModalSelectCategory
FNDA:1,(anonymous_3)
FNDA:0,handleCloseModalSelectCategory
FNDA:0,handleRegister
FNDA:0,(anonymous_6)
FNDA:0,(anonymous_7)
DA:25,1
DA:42,2
DA:46,2
DA:47,2
DA:49,2
DA:56,2
DA:61,0
DA:65,1
DA:66,1
DA:71,0
DA:75,0
DA:76,0
DA:77,0
DA:80,0
DA:81,0
DA:82,0
DA:85,0
DA:94,0
DA:95,0
DA:96,0
DA:97,0
DA:99,0
DA:101,0
DA:103,0
DA:104,0
DA:105,0
DA:112,0
DA:113,0
DA:117,2
DA:146,0
DA:152,0
LF:31
LH:9
BRDA:75,0,0,0
BRDA:75,0,1,0
BRDA:80,1,0,0
BRDA:80,1,1,0
BRDA:97,2,0,0
BRDA:97,2,1,0
BRDA:128,3,0,2
BRDA:128,3,1,0
BRDA:136,4,0,2
BRDA:136,4,1,0
BRF:10
BRH:2
end_of_record
TN:
SF:src/screens/Resumo/index.tsx
FN:41,Resumo
FN:51,handleDateChange
FN:61,loadData
FN:70,(anonymous_3)
FN:77,(anonymous_4)
FN:85,(anonymous_5)
FN:88,(anonymous_6)
FN:118,(anonymous_7)
FN:142,(anonymous_8)
FN:150,(anonymous_9)
FN:158,(anonymous_10)
FN:172,(anonymous_11)
FNF:12
FNH:0
FNDA:0,Resumo
FNDA:0,handleDateChange
FNDA:0,loadData
FNDA:0,(anonymous_3)
FNDA:0,(anonymous_4)
FNDA:0,(anonymous_5)
FNDA:0,(anonymous_6)
FNDA:0,(anonymous_7)
FNDA:0,(anonymous_8)
FNDA:0,(anonymous_9)
FNDA:0,(anonymous_10)
FNDA:0,(anonymous_11)
DA:42,0
DA:43,0
DA:45,0
DA:46,0
DA:47,0
DA:52,0
DA:53,0
DA:54,0
DA:56,0
DA:57,0
DA:62,0
DA:63,0
DA:64,0
DA:65,0
DA:69,0
DA:71,0
DA:76,0
DA:78,0
DA:83,0
DA:85,0
DA:86,0
DA:88,0
DA:89,0
DA:90,0
DA:94,0
DA:95,0
DA:100,0
DA:102,0
DA:113,0
DA:114,0
DA:117,0
DA:119,0
DA:123,0
DA:142,0
DA:150,0
DA:158,0
DA:173,0
LF:37
LH:0
BRDA:52,0,0,0
BRDA:52,0,1,0
BRDA:65,1,0,0
BRDA:65,1,1,0
BRDA:71,2,0,0
BRDA:71,2,1,0
BRDA:71,2,2,0
BRDA:89,3,0,0
BRDA:89,3,1,0
BRDA:94,4,0,0
BRDA:94,4,1,0
BRDA:129,5,0,0
BRDA:129,5,1,0
BRF:13
BRH:0
end_of_record
TN:
SF:src/screens/SignIn/index.tsx
FN:24,SignIn
FN:29,handleSignInWithGoogle
FN:40,handlesignInWithApple
FNF:3
FNH:0
FNDA:0,SignIn
FNDA:0,handleSignInWithGoogle
FNDA:0,handlesignInWithApple
DA:25,0
DA:26,0
DA:27,0
DA:30,0
DA:31,0
DA:32,0
DA:34,0
DA:35,0
DA:36,0
DA:41,0
DA:42,0
DA:43,0
DA:45,0
DA:46,0
DA:47,0
DA:51,0
LF:16
LH:0
BRDA:73,0,0,0
BRDA:73,0,1,0
BRDA:76,1,0,0
BRDA:76,1,1,0
BRF:4
BRH:0
end_of_record
